2025-03-27 23:18:08,010 - INFO - [31m[1mWARNING: This is a development server. Do not use it in a production deployment. Use a production WSGI server instead.[0m
 * Running on http://127.0.0.1:5000
2025-03-27 23:18:08,010 - INFO - [33mPress CTRL+C to quit[0m
2025-03-27 23:18:08,011 - INFO -  * Restarting with stat
2025-03-27 23:18:09,021 - WARNING -  * Debugger is active!
2025-03-27 23:18:09,022 - INFO -  * Debugger PIN: 134-500-141
2025-03-27 23:18:32,014 - INFO - 127.0.0.1 - - [27/Mar/2025 23:18:32] "[35m[1mGET / HTTP/1.1[0m" 500 -
2025-03-27 23:18:32,081 - INFO - 127.0.0.1 - - [27/Mar/2025 23:18:32] "GET /?__debugger__=yes&cmd=resource&f=style.css HTTP/1.1" 200 -
2025-03-27 23:18:32,221 - INFO - 127.0.0.1 - - [27/Mar/2025 23:18:32] "GET /?__debugger__=yes&cmd=resource&f=debugger.js HTTP/1.1" 200 -
2025-03-27 23:18:32,565 - INFO - 127.0.0.1 - - [27/Mar/2025 23:18:32] "GET /?__debugger__=yes&cmd=resource&f=console.png&s=lQD4LYLEcJBOEV2HkDjT HTTP/1.1" 200 -
2025-03-27 23:18:32,826 - INFO - 127.0.0.1 - - [27/Mar/2025 23:18:32] "GET /?__debugger__=yes&cmd=resource&f=console.png HTTP/1.1" 200 -
2025-03-27 23:18:59,454 - INFO - 127.0.0.1 - - [27/Mar/2025 23:18:59] "[35m[1mGET / HTTP/1.1[0m" 500 -
2025-03-27 23:18:59,470 - INFO - 127.0.0.1 - - [27/Mar/2025 23:18:59] "GET /?__debugger__=yes&cmd=resource&f=style.css HTTP/1.1" 200 -
2025-03-27 23:18:59,474 - INFO - 127.0.0.1 - - [27/Mar/2025 23:18:59] "GET /?__debugger__=yes&cmd=resource&f=debugger.js HTTP/1.1" 200 -
2025-03-27 23:18:59,509 - INFO - 127.0.0.1 - - [27/Mar/2025 23:18:59] "GET /?__debugger__=yes&cmd=resource&f=console.png&s=lQD4LYLEcJBOEV2HkDjT HTTP/1.1" 200 -
2025-03-27 23:18:59,516 - INFO - 127.0.0.1 - - [27/Mar/2025 23:18:59] "GET /?__debugger__=yes&cmd=resource&f=console.png HTTP/1.1" 200 -
2025-03-28 14:15:14,044 - INFO - [31m[1mWARNING: This is a development server. Do not use it in a production deployment. Use a production WSGI server instead.[0m
 * Running on http://127.0.0.1:5000
2025-03-28 14:15:14,045 - INFO - [33mPress CTRL+C to quit[0m
2025-03-28 14:15:14,047 - INFO -  * Restarting with stat
2025-03-28 14:15:16,242 - WARNING -  * Debugger is active!
2025-03-28 14:15:16,247 - INFO -  * Debugger PIN: 134-500-141
2025-03-28 14:15:35,822 - INFO - 127.0.0.1 - - [28/Mar/2025 14:15:35] "[35m[1mGET / HTTP/1.1[0m" 500 -
2025-03-28 14:15:35,917 - INFO - 127.0.0.1 - - [28/Mar/2025 14:15:35] "[36mGET /?__debugger__=yes&cmd=resource&f=style.css HTTP/1.1[0m" 304 -
2025-03-28 14:15:35,927 - INFO - 127.0.0.1 - - [28/Mar/2025 14:15:35] "[36mGET /?__debugger__=yes&cmd=resource&f=debugger.js HTTP/1.1[0m" 304 -
2025-03-28 14:15:35,944 - INFO - 127.0.0.1 - - [28/Mar/2025 14:15:35] "GET /?__debugger__=yes&cmd=resource&f=console.png&s=gNi0PL8o1QFvmg1E9DVD HTTP/1.1" 200 -
2025-03-28 14:17:10,597 - INFO - [31m[1mWARNING: This is a development server. Do not use it in a production deployment. Use a production WSGI server instead.[0m
 * Running on http://127.0.0.1:5000
2025-03-28 14:17:10,598 - INFO - [33mPress CTRL+C to quit[0m
2025-03-28 14:17:10,601 - INFO -  * Restarting with stat
2025-03-28 14:17:12,864 - WARNING -  * Debugger is active!
2025-03-28 14:17:12,868 - INFO -  * Debugger PIN: 134-500-141
2025-03-28 14:17:17,164 - INFO - 127.0.0.1 - - [28/Mar/2025 14:17:17] "[35m[1mGET / HTTP/1.1[0m" 500 -
2025-03-28 14:17:17,251 - INFO - 127.0.0.1 - - [28/Mar/2025 14:17:17] "[36mGET /?__debugger__=yes&cmd=resource&f=style.css HTTP/1.1[0m" 304 -
2025-03-28 14:17:17,255 - INFO - 127.0.0.1 - - [28/Mar/2025 14:17:17] "[36mGET /?__debugger__=yes&cmd=resource&f=debugger.js HTTP/1.1[0m" 304 -
2025-03-28 14:17:17,351 - INFO - 127.0.0.1 - - [28/Mar/2025 14:17:17] "GET /?__debugger__=yes&cmd=resource&f=console.png&s=tzEQR7PYbNQOYOE8FoOD HTTP/1.1" 200 -
2025-03-28 14:18:31,930 - INFO - [31m[1mWARNING: This is a development server. Do not use it in a production deployment. Use a production WSGI server instead.[0m
 * Running on http://127.0.0.1:5000
2025-03-28 14:18:31,930 - INFO - [33mPress CTRL+C to quit[0m
2025-03-28 14:18:31,931 - INFO -  * Restarting with stat
2025-03-28 14:18:34,218 - WARNING -  * Debugger is active!
2025-03-28 14:18:34,223 - INFO -  * Debugger PIN: 134-500-141
2025-03-28 14:18:34,437 - INFO - 127.0.0.1 - - [28/Mar/2025 14:18:34] "GET / HTTP/1.1" 200 -
2025-03-28 14:18:34,581 - INFO - 127.0.0.1 - - [28/Mar/2025 14:18:34] "[33mGET /irrigation.mp4 HTTP/1.1[0m" 404 -
2025-03-28 14:18:34,615 - INFO - 127.0.0.1 - - [28/Mar/2025 14:18:34] "[33mGET /favicon.ico HTTP/1.1[0m" 404 -
2025-03-28 14:19:11,008 - INFO - POST /predict-fertilizer - Raw JSON Data: {'crop': {'0': {}, '1': {}, '2': {}, '3': {}, '4': {}, '5': {}, '6': {}, '7': {}, '8': {}, '9': {}, '10': {}, '11': {}}, 'Crop_Growth_Stage': 'Vegetative', 'Rainfall': '22', 'Soil_Type': 'red', 'Temperature': '22', 'Pest_Disease': 'No', 'Region': 'Andhra Pradesh', 'Irrigation_Availability': 'Yes', 'Nitrogen': '221', 'Phosphorus': '52', 'Potassium': '29', 'Past_Yield': '7'}
2025-03-28 14:19:11,009 - ERROR - POST /predict-fertilizer - Error:
Traceback (most recent call last):
  File "C:\Users\VINIL\Desktop\Fertiliser_detection_ML (2)\flask_app\routes.py", line 29, in predict
    'Rainfall (mm)': float(data.get('rainfall')),
                     ^^^^^^^^^^^^^^^^^^^^^^^^^^^
TypeError: float() argument must be a string or a real number, not 'NoneType'

2025-03-28 14:19:11,010 - INFO - 127.0.0.1 - - [28/Mar/2025 14:19:11] "[35m[1mPOST /predict-fertilizer HTTP/1.1[0m" 500 -
2025-03-28 14:23:39,153 - INFO -  * Detected change in 'C:\\Users\\VINIL\\Desktop\\Fertiliser_detection_ML (2)\\flask_app\\routes.py', reloading
2025-03-28 14:23:39,365 - INFO -  * Restarting with stat
2025-03-28 14:23:41,726 - WARNING -  * Debugger is active!
2025-03-28 14:23:41,729 - INFO -  * Debugger PIN: 134-500-141
2025-03-28 14:23:46,529 - INFO - [31m[1mWARNING: This is a development server. Do not use it in a production deployment. Use a production WSGI server instead.[0m
 * Running on http://127.0.0.1:5000
2025-03-28 14:23:46,529 - INFO - [33mPress CTRL+C to quit[0m
2025-03-28 14:23:46,532 - INFO -  * Restarting with stat
2025-03-28 14:23:49,021 - WARNING -  * Debugger is active!
2025-03-28 14:23:49,023 - INFO -  * Debugger PIN: 134-500-141
2025-03-28 14:23:49,808 - INFO - 127.0.0.1 - - [28/Mar/2025 14:23:49] "GET / HTTP/1.1" 200 -
2025-03-28 14:23:49,871 - INFO - 127.0.0.1 - - [28/Mar/2025 14:23:49] "[33mGET /irrigation.mp4 HTTP/1.1[0m" 404 -
2025-03-28 14:24:18,446 - INFO - POST /predict-fertilizer - Raw JSON Data: {'crop': {'0': {}, '1': {}, '2': {}, '3': {}, '4': {}, '5': {}, '6': {}, '7': {}, '8': {}, '9': {}, '10': {}, '11': {}}, 'Crop_Growth_Stage': 'Sowing', 'Rainfall': '22', 'Soil_Type': 'sandy', 'Temperature': '22', 'Pest_Disease': 'No', 'Region': 'Madhya Pradesh', 'Irrigation_Availability': 'Yes', 'Nitrogen': '221', 'Phosphorus': '52', 'Potassium': '232', 'Past_Yield': '5'}
2025-03-28 14:24:18,478 - INFO - POST /predict-fertilizer - Input DataFrame:
   Crop Soil Type  Nitrogen (N)  Phosphorus (P)  Potassium (K)  ... Temperature (Â°C)   Irrigation Availability  Past Yield (tons/ha) Pest/Disease         Region 
0  None     sandy         221.0            52.0          232.0  ...               22.0                      Yes                   5.0           No  Madhya Pradesh

[1 rows x 12 columns]
2025-03-28 14:24:18,487 - INFO - Received input for prediction:
   Crop Soil Type  Nitrogen (N)  Phosphorus (P)  Potassium (K)  ... Temperature (Â°C)   Irrigation Availability  Past Yield (tons/ha) Pest/Disease         Region 
0  None     sandy         221.0            52.0          232.0  ...               22.0                      Yes                   5.0           No  Madhya Pradesh

[1 rows x 12 columns]
2025-03-28 14:24:18,488 - ERROR - Prediction error: "['Region'] not in index"
2025-03-28 14:24:18,488 - INFO - POST /predict-fertilizer - Prediction Result: Prediction error: "['Region'] not in index"
2025-03-28 14:24:18,488 - INFO - 127.0.0.1 - - [28/Mar/2025 14:24:18] "POST /predict-fertilizer HTTP/1.1" 200 -
2025-03-28 14:25:30,693 - INFO -  * Detected change in 'C:\\Users\\VINIL\\Desktop\\Fertiliser_detection_ML (2)\\flask_app\\routes.py', reloading
2025-03-28 14:25:30,954 - INFO -  * Restarting with stat
2025-03-28 14:25:33,318 - WARNING -  * Debugger is active!
2025-03-28 14:25:33,320 - INFO -  * Debugger PIN: 134-500-141
2025-03-28 14:25:37,151 - INFO - [31m[1mWARNING: This is a development server. Do not use it in a production deployment. Use a production WSGI server instead.[0m
 * Running on http://127.0.0.1:5000
2025-03-28 14:25:37,152 - INFO - [33mPress CTRL+C to quit[0m
2025-03-28 14:25:37,153 - INFO -  * Restarting with stat
2025-03-28 14:25:39,475 - WARNING -  * Debugger is active!
2025-03-28 14:25:39,477 - INFO -  * Debugger PIN: 134-500-141
2025-03-28 14:25:41,850 - INFO - 127.0.0.1 - - [28/Mar/2025 14:25:41] "GET / HTTP/1.1" 200 -
2025-03-28 14:25:41,876 - INFO - 127.0.0.1 - - [28/Mar/2025 14:25:41] "[33mGET /irrigation.mp4 HTTP/1.1[0m" 404 -
2025-03-28 14:25:59,343 - INFO - POST /predict-fertilizer - Raw JSON Data: {'crop': {'0': {}, '1': {}, '2': {}, '3': {}, '4': {}, '5': {}, '6': {}, '7': {}, '8': {}, '9': {}, '10': {}, '11': {}}, 'Crop_Growth_Stage': 'Vegetative', 'Rainfall': '222', 'Soil_Type': 'loamy', 'Temperature': '22', 'Pest_Disease': 'No', 'Region': 'West Bengal', 'Irrigation_Availability': 'Yes', 'Nitrogen': '222', 'Phosphorus': '22', 'Potassium': '222', 'Past_Yield': '2'}
2025-03-28 14:25:59,384 - INFO - POST /predict-fertilizer - Input DataFrame:
   Crop Soil Type  Nitrogen (N)  Phosphorus (P)  Potassium (K)  ... Temperature (Â°C)   Irrigation Availability  Past Yield (tons/ha) Pest/Disease       Region
0  None     loamy         222.0            22.0          222.0  ...               22.0                      Yes                   2.0           No  West Bengal

[1 rows x 12 columns]
2025-03-28 14:25:59,400 - INFO - Received input for prediction:
   Crop Soil Type  Nitrogen (N)  Phosphorus (P)  Potassium (K)  ... Temperature (Â°C)   Irrigation Availability  Past Yield (tons/ha) Pest/Disease       Region
0  None     loamy         222.0            22.0          222.0  ...               22.0                      Yes                   2.0           No  West Bengal

[1 rows x 12 columns]
2025-03-28 14:25:59,438 - INFO - One-hot encoded categorical features:
   Crop_barley  Crop_cotton  Crop_ground nuts  Crop_maize  Crop_millets  ...  Region_Punjab  Region_Rajasthan  Region_Tamil Nadu  Region_Uttar Pradesh  Region_West Bengal
0          0.0          0.0               0.0         0.0           0.0  ...            0.0               0.0                0.0                   0.0                 1.0

[1 rows x 35 columns]
2025-03-28 14:25:59,439 - ERROR - Prediction error: "['Temperature (Â°C)', 'Evaporation Rate (mm/day)'] not in index"
2025-03-28 14:25:59,439 - INFO - POST /predict-fertilizer - Prediction Result: Prediction error: "['Temperature (Â°C)', 'Evaporation Rate (mm/day)'] not in index"
2025-03-28 14:25:59,440 - INFO - 127.0.0.1 - - [28/Mar/2025 14:25:59] "POST /predict-fertilizer HTTP/1.1" 200 -
2025-03-28 14:29:39,017 - INFO -  * Detected change in 'C:\\Users\\VINIL\\Desktop\\Fertiliser_detection_ML (2)\\flask_app\\routes.py', reloading
2025-03-28 14:29:39,243 - INFO -  * Restarting with stat
2025-03-28 14:29:41,421 - WARNING -  * Debugger is active!
2025-03-28 14:29:41,424 - INFO -  * Debugger PIN: 134-500-141
2025-03-28 14:29:53,516 - INFO -  * Detected change in 'C:\\Users\\VINIL\\Desktop\\Fertiliser_detection_ML (2)\\flask_app\\ml_utils.py', reloading
2025-03-28 14:29:53,761 - INFO -  * Restarting with stat
2025-03-28 14:29:56,119 - WARNING -  * Debugger is active!
2025-03-28 14:29:56,122 - INFO -  * Debugger PIN: 134-500-141
2025-03-28 14:30:00,487 - INFO - [31m[1mWARNING: This is a development server. Do not use it in a production deployment. Use a production WSGI server instead.[0m
 * Running on http://127.0.0.1:5000
2025-03-28 14:30:00,487 - INFO - [33mPress CTRL+C to quit[0m
2025-03-28 14:30:00,489 - INFO -  * Restarting with stat
2025-03-28 14:30:02,695 - WARNING -  * Debugger is active!
2025-03-28 14:30:02,698 - INFO -  * Debugger PIN: 134-500-141
2025-03-28 14:30:09,873 - INFO - 127.0.0.1 - - [28/Mar/2025 14:30:09] "GET / HTTP/1.1" 200 -
2025-03-28 14:30:09,896 - INFO - 127.0.0.1 - - [28/Mar/2025 14:30:09] "[33mGET /irrigation.mp4 HTTP/1.1[0m" 404 -
2025-03-28 14:30:30,934 - INFO - POST /predict-fertilizer - Raw JSON Data: {'crop': {'0': {}, '1': {}, '2': {}, '3': {}, '4': {}, '5': {}, '6': {}, '7': {}, '8': {}, '9': {}, '10': {}, '11': {}}, 'Crop_Growth_Stage': 'Maturity', 'Rainfall': '222', 'Soil_Type': 'sandy', 'Temperature': '22', 'Pest_Disease': 'No', 'Region': 'Uttar Pradesh', 'Irrigation_Availability': 'Yes', 'Nitrogen': '222', 'Phosphorus': '22', 'Potassium': '222', 'Past_Yield': '2'}
2025-03-28 14:30:30,956 - INFO - POST /predict-fertilizer - Input DataFrame:
   Crop Soil Type  Nitrogen (N)  Phosphorus (P)  Potassium (K)  ... Temperature (°C)   Irrigation Availability  Past Yield (tons/ha) Pest/Disease         Region
0  None     sandy         222.0            22.0          222.0  ...              22.0                      Yes                   2.0           No  Uttar Pradesh

[1 rows x 12 columns]
2025-03-28 14:30:30,970 - INFO - Received input for prediction:
   Crop Soil Type  Nitrogen (N)  Phosphorus (P)  Potassium (K)  ... Temperature (°C)   Irrigation Availability  Past Yield (tons/ha) Pest/Disease         Region
0  None     sandy         222.0            22.0          222.0  ...              22.0                      Yes                   2.0           No  Uttar Pradesh

[1 rows x 12 columns]
2025-03-28 14:30:31,007 - INFO - One-hot encoded categorical features:
   Crop_barley  Crop_cotton  Crop_ground nuts  Crop_maize  Crop_millets  ...  Region_Punjab  Region_Rajasthan  Region_Tamil Nadu  Region_Uttar Pradesh  Region_West Bengal
0          0.0          0.0               0.0         0.0           0.0  ...            0.0               0.0                0.0                   1.0                 0.0

[1 rows x 35 columns]
2025-03-28 14:30:31,007 - ERROR - Prediction error: "['Temperature (°C)'] not in index"
2025-03-28 14:30:31,008 - INFO - POST /predict-fertilizer - Prediction Result: Prediction error: "['Temperature (°C)'] not in index"
2025-03-28 14:30:31,008 - INFO - 127.0.0.1 - - [28/Mar/2025 14:30:31] "POST /predict-fertilizer HTTP/1.1" 200 -
2025-03-28 14:32:35,704 - INFO -  * Detected change in 'C:\\Users\\VINIL\\Desktop\\Fertiliser_detection_ML (2)\\flask_app\\ml_utils.py', reloading
2025-03-28 14:32:35,934 - INFO -  * Restarting with stat
2025-03-28 14:32:38,347 - WARNING -  * Debugger is active!
2025-03-28 14:32:38,350 - INFO -  * Debugger PIN: 134-500-141
2025-03-28 14:32:39,343 - INFO - POST /predict-fertilizer - Raw JSON Data: {'crop': {'0': {}, '1': {}, '2': {}, '3': {}, '4': {}, '5': {}, '6': {}, '7': {}, '8': {}, '9': {}, '10': {}, '11': {}}, 'Crop_Growth_Stage': 'Maturity', 'Rainfall': '222', 'Soil_Type': 'sandy', 'Temperature': '22', 'Pest_Disease': 'No', 'Region': 'Uttar Pradesh', 'Irrigation_Availability': 'Yes', 'Nitrogen': '222', 'Phosphorus': '22', 'Potassium': '222', 'Past_Yield': '2'}
2025-03-28 14:32:39,357 - INFO - POST /predict-fertilizer - Input DataFrame:
   Crop Soil Type  Nitrogen (N)  Phosphorus (P)  Potassium (K)  ... Temperature (°C)   Irrigation Availability  Past Yield (tons/ha) Pest/Disease         Region
0  None     sandy         222.0            22.0          222.0  ...              22.0                      Yes                   2.0           No  Uttar Pradesh

[1 rows x 12 columns]
2025-03-28 14:32:39,368 - INFO - Received input for prediction:
   Crop Soil Type  Nitrogen (N)  Phosphorus (P)  Potassium (K)  ... Temperature (°C)   Irrigation Availability  Past Yield (tons/ha) Pest/Disease         Region
0  None     sandy         222.0            22.0          222.0  ...              22.0                      Yes                   2.0           No  Uttar Pradesh

[1 rows x 12 columns]
2025-03-28 14:32:39,391 - INFO - One-hot encoded categorical features:
   Crop_barley  Crop_cotton  Crop_ground nuts  Crop_maize  Crop_millets  ...  Region_Punjab  Region_Rajasthan  Region_Tamil Nadu  Region_Uttar Pradesh  Region_West Bengal
0          0.0          0.0               0.0         0.0           0.0  ...            0.0               0.0                0.0                   1.0                 0.0

[1 rows x 35 columns]
2025-03-28 14:32:39,391 - ERROR - Prediction error: "['Temperature (°C)'] not in index"
2025-03-28 14:32:39,391 - INFO - POST /predict-fertilizer - Prediction Result: Prediction error: "['Temperature (°C)'] not in index"
2025-03-28 14:32:39,392 - INFO - 127.0.0.1 - - [28/Mar/2025 14:32:39] "POST /predict-fertilizer HTTP/1.1" 200 -
2025-03-28 14:32:42,511 - INFO - 127.0.0.1 - - [28/Mar/2025 14:32:42] "GET / HTTP/1.1" 200 -
2025-03-28 14:32:42,535 - INFO - 127.0.0.1 - - [28/Mar/2025 14:32:42] "[33mGET /irrigation.mp4 HTTP/1.1[0m" 404 -
2025-03-28 14:33:01,517 - INFO - POST /predict-fertilizer - Raw JSON Data: {'crop': {'0': {}, '1': {}, '2': {}, '3': {}, '4': {}, '5': {}, '6': {}, '7': {}, '8': {}, '9': {}, '10': {}, '11': {}}, 'Crop_Growth_Stage': 'Sowing', 'Rainfall': '222', 'Soil_Type': 'black', 'Temperature': '22', 'Pest_Disease': 'No', 'Region': 'West Bengal', 'Irrigation_Availability': 'Yes', 'Nitrogen': '22', 'Phosphorus': '22', 'Potassium': '222', 'Past_Yield': '2'}
2025-03-28 14:33:01,534 - INFO - POST /predict-fertilizer - Input DataFrame:
   Crop Soil Type  Nitrogen (N)  Phosphorus (P)  Potassium (K)  ... Temperature (°C)   Irrigation Availability  Past Yield (tons/ha) Pest/Disease       Region
0  None     black          22.0            22.0          222.0  ...              22.0                      Yes                   2.0           No  West Bengal

[1 rows x 12 columns]
2025-03-28 14:33:01,548 - INFO - Received input for prediction:
   Crop Soil Type  Nitrogen (N)  Phosphorus (P)  Potassium (K)  ... Temperature (°C)   Irrigation Availability  Past Yield (tons/ha) Pest/Disease       Region
0  None     black          22.0            22.0          222.0  ...              22.0                      Yes                   2.0           No  West Bengal

[1 rows x 12 columns]
2025-03-28 14:33:01,591 - INFO - One-hot encoded categorical features:
   Crop_barley  Crop_cotton  Crop_ground nuts  Crop_maize  Crop_millets  ...  Region_Punjab  Region_Rajasthan  Region_Tamil Nadu  Region_Uttar Pradesh  Region_West Bengal
0          0.0          0.0               0.0         0.0           0.0  ...            0.0               0.0                0.0                   0.0                 1.0

[1 rows x 35 columns]
2025-03-28 14:33:01,592 - ERROR - Prediction error: "['Temperature (°C)'] not in index"
2025-03-28 14:33:01,592 - INFO - POST /predict-fertilizer - Prediction Result: Prediction error: "['Temperature (°C)'] not in index"
2025-03-28 14:33:01,593 - INFO - 127.0.0.1 - - [28/Mar/2025 14:33:01] "POST /predict-fertilizer HTTP/1.1" 200 -
2025-03-28 14:33:22,514 - INFO - [31m[1mWARNING: This is a development server. Do not use it in a production deployment. Use a production WSGI server instead.[0m
 * Running on http://127.0.0.1:5000
2025-03-28 14:33:22,514 - INFO - [33mPress CTRL+C to quit[0m
2025-03-28 14:33:22,516 - INFO -  * Restarting with stat
2025-03-28 14:33:24,689 - WARNING -  * Debugger is active!
2025-03-28 14:33:24,692 - INFO -  * Debugger PIN: 134-500-141
2025-03-28 14:33:42,895 - INFO - [31m[1mWARNING: This is a development server. Do not use it in a production deployment. Use a production WSGI server instead.[0m
 * Running on http://127.0.0.1:5000
2025-03-28 14:33:42,896 - INFO - [33mPress CTRL+C to quit[0m
2025-03-28 14:33:42,897 - INFO -  * Restarting with stat
2025-03-28 14:33:45,070 - WARNING -  * Debugger is active!
2025-03-28 14:33:45,072 - INFO -  * Debugger PIN: 134-500-141
2025-03-28 14:33:48,766 - INFO - 127.0.0.1 - - [28/Mar/2025 14:33:48] "GET / HTTP/1.1" 200 -
2025-03-28 14:33:48,826 - INFO - 127.0.0.1 - - [28/Mar/2025 14:33:48] "[33mGET /irrigation.mp4 HTTP/1.1[0m" 404 -
2025-03-28 14:34:11,397 - INFO - POST /predict-fertilizer - Raw JSON Data: {'crop': {'0': {}, '1': {}, '2': {}, '3': {}, '4': {}, '5': {}, '6': {}, '7': {}, '8': {}, '9': {}, '10': {}, '11': {}}, 'Crop_Growth_Stage': 'Vegetative', 'Rainfall': '22', 'Soil_Type': 'sandy', 'Temperature': '22', 'Pest_Disease': 'No', 'Region': 'Uttar Pradesh', 'Irrigation_Availability': 'Yes', 'Nitrogen': '222', 'Phosphorus': '22', 'Potassium': '222', 'Past_Yield': '2'}
2025-03-28 14:34:11,405 - ERROR - POST /predict-fertilizer - Error:
Traceback (most recent call last):
  File "C:\Users\VINIL\Desktop\Fertiliser_detection_ML (2)\flask_app\routes.py", line 30, in predict
    'Temperature (°C)': safe_float_convert(data.get('Temperature')), # type: ignore
                        ^^^^^^^^^^^^^^^^^^
NameError: name 'safe_float_convert' is not defined

2025-03-28 14:34:11,406 - INFO - 127.0.0.1 - - [28/Mar/2025 14:34:11] "[35m[1mPOST /predict-fertilizer HTTP/1.1[0m" 500 -
2025-03-28 14:34:56,555 - INFO -  * Detected change in 'C:\\Users\\VINIL\\Desktop\\Fertiliser_detection_ML (2)\\flask_app\\routes.py', reloading
2025-03-28 14:34:56,791 - INFO -  * Restarting with stat
2025-03-28 14:34:59,143 - WARNING -  * Debugger is active!
2025-03-28 14:34:59,147 - INFO -  * Debugger PIN: 134-500-141
2025-03-28 14:35:03,237 - INFO - [31m[1mWARNING: This is a development server. Do not use it in a production deployment. Use a production WSGI server instead.[0m
 * Running on http://127.0.0.1:5000
2025-03-28 14:35:03,237 - INFO - [33mPress CTRL+C to quit[0m
2025-03-28 14:35:03,239 - INFO -  * Restarting with stat
2025-03-28 14:35:05,462 - WARNING -  * Debugger is active!
2025-03-28 14:35:05,465 - INFO -  * Debugger PIN: 134-500-141
2025-03-28 14:35:10,102 - INFO - 127.0.0.1 - - [28/Mar/2025 14:35:10] "GET / HTTP/1.1" 200 -
2025-03-28 14:35:10,203 - INFO - 127.0.0.1 - - [28/Mar/2025 14:35:10] "[33mGET /irrigation.mp4 HTTP/1.1[0m" 404 -
2025-03-28 14:35:27,980 - INFO - 127.0.0.1 - - [28/Mar/2025 14:35:27] "[35m[1mPOST /predict-fertilizer HTTP/1.1[0m" 500 -
2025-03-28 14:36:37,418 - INFO - 127.0.0.1 - - [28/Mar/2025 14:36:37] "[35m[1mPOST /predict-fertilizer HTTP/1.1[0m" 500 -
2025-03-28 14:38:53,984 - INFO -  * Detected change in 'C:\\Users\\VINIL\\Desktop\\Fertiliser_detection_ML (2)\\flask_app\\routes.py', reloading
2025-03-28 14:38:54,225 - INFO -  * Restarting with stat
2025-03-28 14:39:00,606 - INFO - [31m[1mWARNING: This is a development server. Do not use it in a production deployment. Use a production WSGI server instead.[0m
 * Running on http://127.0.0.1:5000
2025-03-28 14:39:00,607 - INFO - [33mPress CTRL+C to quit[0m
2025-03-28 14:39:00,608 - INFO -  * Restarting with stat
2025-03-28 14:39:03,018 - WARNING -  * Debugger is active!
2025-03-28 14:39:03,021 - INFO -  * Debugger PIN: 134-500-141
2025-03-28 14:39:06,598 - INFO - 127.0.0.1 - - [28/Mar/2025 14:39:06] "GET / HTTP/1.1" 200 -
2025-03-28 14:39:06,666 - INFO - 127.0.0.1 - - [28/Mar/2025 14:39:06] "[33mGET /irrigation.mp4 HTTP/1.1[0m" 404 -
2025-03-28 14:39:06,691 - INFO - 127.0.0.1 - - [28/Mar/2025 14:39:06] "[33mGET /favicon.ico HTTP/1.1[0m" 404 -
2025-03-28 14:39:22,543 - INFO - POST /predict-fertilizer - Raw JSON Data: {'crop': {'0': {}, '1': {}, '2': {}, '3': {}, '4': {}, '5': {}, '6': {}, '7': {}, '8': {}, '9': {}, '10': {}, '11': {}}, 'Crop_Growth_Stage': 'Maturity', 'Rainfall': '222', 'Soil_Type': 'loamy', 'Temperature': '22', 'Pest_Disease': 'No', 'Region': 'West Bengal', 'Irrigation_Availability': 'Yes', 'Nitrogen': '222', 'Phosphorus': '22', 'Potassium': '222', 'Past_Yield': '2'}
2025-03-28 14:39:22,565 - INFO - POST /predict-fertilizer - Input DataFrame:
   Crop Soil Type  Nitrogen (N)  Phosphorus (P)  Potassium (K)  ... Temperature (°C)  Irrigation Availability  Past Yield (tons/ha) Pest/Disease       Region
0  None     loamy         222.0            22.0          222.0  ...             22.0                      Yes                   2.0           No  West Bengal

[1 rows x 12 columns]
2025-03-28 14:39:22,580 - INFO - Received input for prediction:
   Crop Soil Type  Nitrogen (N)  Phosphorus (P)  Potassium (K)  ... Temperature (°C)  Irrigation Availability  Past Yield (tons/ha) Pest/Disease       Region
0  None     loamy         222.0            22.0          222.0  ...             22.0                      Yes                   2.0           No  West Bengal

[1 rows x 12 columns]
2025-03-28 14:39:22,618 - INFO - One-hot encoded categorical features:
   Crop_barley  Crop_cotton  Crop_ground nuts  Crop_maize  Crop_millets  ...  Region_Punjab  Region_Rajasthan  Region_Tamil Nadu  Region_Uttar Pradesh  Region_West Bengal
0          0.0          0.0               0.0         0.0           0.0  ...            0.0               0.0                0.0                   0.0                 1.0

[1 rows x 35 columns]
2025-03-28 14:39:22,658 - INFO - Combined features before scaling:
   Crop_barley  Crop_cotton  Crop_ground nuts  Crop_maize  Crop_millets  ...  Nitrogen (N)  Phosphorus (P)  Potassium (K)  Temperature (°C)  Past Yield (tons/ha)
0          0.0          0.0               0.0         0.0           0.0  ...         222.0            22.0          222.0              22.0                   2.0

[1 rows x 41 columns]
2025-03-28 14:39:22,659 - ERROR - Prediction error: The feature names should match those that were passed during fit.
Feature names must be in the same order as they were in fit.

2025-03-28 14:39:22,659 - INFO - POST /predict-fertilizer - Prediction Result: Prediction error: The feature names should match those that were passed during fit.
Feature names must be in the same order as they were in fit.

2025-03-28 14:39:22,660 - INFO - 127.0.0.1 - - [28/Mar/2025 14:39:22] "POST /predict-fertilizer HTTP/1.1" 200 -
2025-03-28 14:40:16,527 - INFO -  * Detected change in 'C:\\Users\\VINIL\\Desktop\\Fertiliser_detection_ML (2)\\flask_app\\ml_utils.py', reloading
2025-03-28 14:40:16,778 - INFO -  * Restarting with stat
2025-03-28 14:40:21,703 - INFO - [31m[1mWARNING: This is a development server. Do not use it in a production deployment. Use a production WSGI server instead.[0m
 * Running on http://127.0.0.1:5000
2025-03-28 14:40:21,704 - INFO - [33mPress CTRL+C to quit[0m
2025-03-28 14:40:21,706 - INFO -  * Restarting with stat
2025-03-28 14:40:23,911 - WARNING -  * Debugger is active!
2025-03-28 14:40:23,914 - INFO -  * Debugger PIN: 134-500-141
2025-03-28 14:40:28,551 - INFO - POST /predict-fertilizer - Raw JSON Data: {'crop': {'0': {}, '1': {}, '2': {}, '3': {}, '4': {}, '5': {}, '6': {}, '7': {}, '8': {}, '9': {}, '10': {}, '11': {}}, 'Crop_Growth_Stage': 'Maturity', 'Rainfall': '222', 'Soil_Type': 'loamy', 'Temperature': '22', 'Pest_Disease': 'No', 'Region': 'West Bengal', 'Irrigation_Availability': 'Yes', 'Nitrogen': '222', 'Phosphorus': '22', 'Potassium': '222', 'Past_Yield': '2'}
2025-03-28 14:40:28,574 - INFO - POST /predict-fertilizer - Input DataFrame:
   Crop Soil Type  Nitrogen (N)  Phosphorus (P)  Potassium (K)  ... Temperature (°C)  Irrigation Availability  Past Yield (tons/ha) Pest/Disease       Region
0  None     loamy         222.0            22.0          222.0  ...             22.0                      Yes                   2.0           No  West Bengal

[1 rows x 12 columns]
2025-03-28 14:40:28,591 - INFO - Received input for prediction:
   Crop Soil Type  Nitrogen (N)  Phosphorus (P)  Potassium (K)  ... Temperature (°C)  Irrigation Availability  Past Yield (tons/ha) Pest/Disease       Region
0  None     loamy         222.0            22.0          222.0  ...             22.0                      Yes                   2.0           No  West Bengal

[1 rows x 12 columns]
2025-03-28 14:40:28,628 - INFO - One-hot encoded categorical features:
   Crop_barley  Crop_cotton  Crop_ground nuts  Crop_maize  Crop_millets  ...  Region_Punjab  Region_Rajasthan  Region_Tamil Nadu  Region_Uttar Pradesh  Region_West Bengal
0          0.0          0.0               0.0         0.0           0.0  ...            0.0               0.0                0.0                   0.0                 1.0

[1 rows x 35 columns]
2025-03-28 14:40:28,667 - INFO - Combined features before scaling:
   Crop_barley  Crop_cotton  Crop_ground nuts  Crop_maize  Crop_millets  ...  Phosphorus (P)  Potassium (K)  Rainfall (mm)  Temperature (°C)  Past Yield (tons/ha)
0          0.0          0.0               0.0         0.0           0.0  ...            22.0          222.0          222.0              22.0                   2.0

[1 rows x 41 columns]
2025-03-28 14:40:28,715 - INFO - Final input for prediction after scaling:
   Crop_barley  Crop_cotton  Crop_ground nuts  Crop_maize  Crop_millets  ...  Phosphorus (P)  Potassium (K)  Rainfall (mm)  Temperature (°C)  Past Yield (tons/ha)
0          0.0          0.0               0.0         0.0           0.0  ...            22.0          222.0          222.0              22.0                   2.0

[1 rows x 41 columns]
2025-03-28 14:40:28,731 - INFO - Encoded prediction result: [2]
2025-03-28 14:40:28,733 - INFO - Decoded prediction label: ['DAP']
2025-03-28 14:40:28,733 - INFO - POST /predict-fertilizer - Prediction Result: DAP
2025-03-28 14:40:28,734 - INFO - 127.0.0.1 - - [28/Mar/2025 14:40:28] "POST /predict-fertilizer HTTP/1.1" 200 -
2025-03-28 14:40:45,075 - INFO - [31m[1mWARNING: This is a development server. Do not use it in a production deployment. Use a production WSGI server instead.[0m
 * Running on http://127.0.0.1:5000
2025-03-28 14:40:45,075 - INFO - [33mPress CTRL+C to quit[0m
2025-03-28 14:40:45,078 - INFO -  * Restarting with stat
2025-03-28 14:40:47,225 - WARNING -  * Debugger is active!
2025-03-28 14:40:47,228 - INFO -  * Debugger PIN: 134-500-141
2025-03-28 14:40:50,258 - INFO - 127.0.0.1 - - [28/Mar/2025 14:40:50] "GET / HTTP/1.1" 200 -
2025-03-28 14:40:50,278 - INFO - 127.0.0.1 - - [28/Mar/2025 14:40:50] "[33mGET /irrigation.mp4 HTTP/1.1[0m" 404 -
2025-03-28 14:41:05,623 - INFO - POST /predict-fertilizer - Raw JSON Data: {'crop': {'0': {}, '1': {}, '2': {}, '3': {}, '4': {}, '5': {}, '6': {}, '7': {}, '8': {}, '9': {}, '10': {}, '11': {}}, 'Crop_Growth_Stage': 'Maturity', 'Rainfall': '22', 'Soil_Type': 'loamy', 'Temperature': '22', 'Pest_Disease': 'No', 'Region': 'Gujarat', 'Irrigation_Availability': 'Yes', 'Nitrogen': '222', 'Phosphorus': '222', 'Potassium': '222', 'Past_Yield': '2'}
2025-03-28 14:41:05,645 - INFO - POST /predict-fertilizer - Input DataFrame:
   Crop Soil Type  Nitrogen (N)  Phosphorus (P)  Potassium (K)  ... Temperature (°C)  Irrigation Availability  Past Yield (tons/ha) Pest/Disease   Region
0  None     loamy         222.0           222.0          222.0  ...             22.0                      Yes                   2.0           No  Gujarat

[1 rows x 12 columns]
2025-03-28 14:41:05,658 - INFO - Received input for prediction:
   Crop Soil Type  Nitrogen (N)  Phosphorus (P)  Potassium (K)  ... Temperature (°C)  Irrigation Availability  Past Yield (tons/ha) Pest/Disease   Region
0  None     loamy         222.0           222.0          222.0  ...             22.0                      Yes                   2.0           No  Gujarat

[1 rows x 12 columns]
2025-03-28 14:41:05,696 - INFO - One-hot encoded categorical features:
   Crop_barley  Crop_cotton  Crop_ground nuts  Crop_maize  Crop_millets  ...  Region_Punjab  Region_Rajasthan  Region_Tamil Nadu  Region_Uttar Pradesh  Region_West Bengal
0          0.0          0.0               0.0         0.0           0.0  ...            0.0               0.0                0.0                   0.0                 0.0

[1 rows x 35 columns]
2025-03-28 14:41:05,734 - INFO - Combined features before scaling:
   Crop_barley  Crop_cotton  Crop_ground nuts  Crop_maize  Crop_millets  ...  Phosphorus (P)  Potassium (K)  Rainfall (mm)  Temperature (°C)  Past Yield (tons/ha)
0          0.0          0.0               0.0         0.0           0.0  ...           222.0          222.0           22.0              22.0                   2.0

[1 rows x 41 columns]
2025-03-28 14:41:05,775 - INFO - Final input for prediction after scaling:
   Crop_barley  Crop_cotton  Crop_ground nuts  Crop_maize  Crop_millets  ...  Phosphorus (P)  Potassium (K)  Rainfall (mm)  Temperature (°C)  Past Yield (tons/ha)
0          0.0          0.0               0.0         0.0           0.0  ...           222.0          222.0           22.0              22.0                   2.0

[1 rows x 41 columns]
2025-03-28 14:41:05,787 - INFO - Encoded prediction result: [0]
2025-03-28 14:41:05,788 - INFO - Decoded prediction label: ['Ammonium Sulphate']
2025-03-28 14:41:05,788 - INFO - POST /predict-fertilizer - Prediction Result: Ammonium Sulphate
2025-03-28 14:41:05,789 - INFO - 127.0.0.1 - - [28/Mar/2025 14:41:05] "POST /predict-fertilizer HTTP/1.1" 200 -
2025-03-28 14:41:58,487 - INFO - POST /predict-fertilizer - Raw JSON Data: {'crop': {'0': {}, '1': {}, '2': {}, '3': {}, '4': {}, '5': {}, '6': {}, '7': {}, '8': {}, '9': {}, '10': {}, '11': {}}, 'Crop_Growth_Stage': 'Maturity', 'Rainfall': '22', 'Soil_Type': 'loamy', 'Temperature': '22', 'Pest_Disease': 'No', 'Region': 'Gujarat', 'Irrigation_Availability': 'Yes', 'Nitrogen': '222', 'Phosphorus': '222', 'Potassium': '222', 'Past_Yield': '2'}
2025-03-28 14:41:58,502 - INFO - POST /predict-fertilizer - Input DataFrame:
   Crop Soil Type  Nitrogen (N)  Phosphorus (P)  Potassium (K)  ... Temperature (°C)  Irrigation Availability  Past Yield (tons/ha) Pest/Disease   Region
0  None     loamy         222.0           222.0          222.0  ...             22.0                      Yes                   2.0           No  Gujarat

[1 rows x 12 columns]
2025-03-28 14:41:58,517 - INFO - Received input for prediction:
   Crop Soil Type  Nitrogen (N)  Phosphorus (P)  Potassium (K)  ... Temperature (°C)  Irrigation Availability  Past Yield (tons/ha) Pest/Disease   Region
0  None     loamy         222.0           222.0          222.0  ...             22.0                      Yes                   2.0           No  Gujarat

[1 rows x 12 columns]
2025-03-28 14:41:58,553 - INFO - One-hot encoded categorical features:
   Crop_barley  Crop_cotton  Crop_ground nuts  Crop_maize  Crop_millets  ...  Region_Punjab  Region_Rajasthan  Region_Tamil Nadu  Region_Uttar Pradesh  Region_West Bengal
0          0.0          0.0               0.0         0.0           0.0  ...            0.0               0.0                0.0                   0.0                 0.0

[1 rows x 35 columns]
2025-03-28 14:41:58,591 - INFO - Combined features before scaling:
   Crop_barley  Crop_cotton  Crop_ground nuts  Crop_maize  Crop_millets  ...  Phosphorus (P)  Potassium (K)  Rainfall (mm)  Temperature (°C)  Past Yield (tons/ha)
0          0.0          0.0               0.0         0.0           0.0  ...           222.0          222.0           22.0              22.0                   2.0

[1 rows x 41 columns]
2025-03-28 14:41:58,632 - INFO - Final input for prediction after scaling:
   Crop_barley  Crop_cotton  Crop_ground nuts  Crop_maize  Crop_millets  ...  Phosphorus (P)  Potassium (K)  Rainfall (mm)  Temperature (°C)  Past Yield (tons/ha)
0          0.0          0.0               0.0         0.0           0.0  ...           222.0          222.0           22.0              22.0                   2.0

[1 rows x 41 columns]
2025-03-28 14:41:58,642 - INFO - Encoded prediction result: [0]
2025-03-28 14:41:58,643 - INFO - Decoded prediction label: ['Ammonium Sulphate']
2025-03-28 14:41:58,643 - INFO - POST /predict-fertilizer - Prediction Result: Ammonium Sulphate
2025-03-28 14:41:58,644 - INFO - 127.0.0.1 - - [28/Mar/2025 14:41:58] "POST /predict-fertilizer HTTP/1.1" 200 -
2025-03-28 16:53:33,681 - INFO - [31m[1mWARNING: This is a development server. Do not use it in a production deployment. Use a production WSGI server instead.[0m
 * Running on http://127.0.0.1:5000
2025-03-28 16:53:33,682 - INFO - [33mPress CTRL+C to quit[0m
2025-03-28 16:53:33,683 - INFO -  * Restarting with stat
2025-03-28 16:53:34,770 - WARNING -  * Debugger is active!
2025-03-28 16:53:34,774 - INFO -  * Debugger PIN: 865-574-314
2025-03-28 16:53:38,456 - INFO - 127.0.0.1 - - [28/Mar/2025 16:53:38] "GET / HTTP/1.1" 200 -
2025-03-28 16:53:38,681 - INFO - 127.0.0.1 - - [28/Mar/2025 16:53:38] "[33mGET /favicon.ico HTTP/1.1[0m" 404 -
2025-03-28 16:53:40,663 - INFO - 127.0.0.1 - - [28/Mar/2025 16:53:40] "[33mGET /irrigation.mp4 HTTP/1.1[0m" 404 -
2025-03-28 16:53:55,088 - INFO - POST /predict-fertilizer - Raw JSON Data: {'crop': {'0': {}, '1': {}, '2': {}, '3': {}, '4': {}, '5': {}, '6': {}, '7': {}, '8': {}, '9': {}, '10': {}, '11': {}}, 'Crop_Growth_Stage': 'Vegetative', 'Rainfall': '22', 'Soil_Type': 'sandy', 'Temperature': '22', 'Pest_Disease': 'Yes', 'Region': 'Uttar Pradesh', 'Irrigation_Availability': 'Yes', 'Nitrogen': '222', 'Phosphorus': '22', 'Potassium': '221', 'Past_Yield': '2'}
2025-03-28 16:53:55,118 - INFO - POST /predict-fertilizer - Input DataFrame:
   Crop Soil Type  Nitrogen (N)  Phosphorus (P)  Potassium (K)  ... Temperature (°C)  Irrigation Availability  Past Yield (tons/ha) Pest/Disease         Region
0  None     sandy         222.0            22.0          221.0  ...             22.0                      Yes                   2.0          Yes  Uttar Pradesh

[1 rows x 12 columns]
2025-03-28 16:53:55,123 - INFO - Received input for prediction:
   Crop Soil Type  Nitrogen (N)  Phosphorus (P)  Potassium (K)  ... Temperature (°C)  Irrigation Availability  Past Yield (tons/ha) Pest/Disease         Region
0  None     sandy         222.0            22.0          221.0  ...             22.0                      Yes                   2.0          Yes  Uttar Pradesh

[1 rows x 12 columns]
2025-03-28 16:53:55,138 - INFO - One-hot encoded categorical features:
   Crop_barley  Crop_cotton  Crop_ground nuts  Crop_maize  Crop_millets  ...  Region_Punjab  Region_Rajasthan  Region_Tamil Nadu  Region_Uttar Pradesh  Region_West Bengal
0          0.0          0.0               0.0         0.0           0.0  ...            0.0               0.0                0.0                   1.0                 0.0

[1 rows x 35 columns]
2025-03-28 16:53:55,152 - INFO - Combined features before scaling:
   Crop_barley  Crop_cotton  Crop_ground nuts  Crop_maize  Crop_millets  ...  Phosphorus (P)  Potassium (K)  Rainfall (mm)  Temperature (°C)  Past Yield (tons/ha)
0          0.0          0.0               0.0         0.0           0.0  ...            22.0          221.0           22.0              22.0                   2.0

[1 rows x 41 columns]
2025-03-28 16:53:55,166 - INFO - Final input for prediction after scaling:
   Crop_barley  Crop_cotton  Crop_ground nuts  Crop_maize  Crop_millets  ...  Phosphorus (P)  Potassium (K)  Rainfall (mm)  Temperature (°C)  Past Yield (tons/ha)
0          0.0          0.0               0.0         0.0           0.0  ...            22.0          221.0           22.0              22.0                   2.0

[1 rows x 41 columns]
2025-03-28 16:53:55,171 - INFO - Encoded prediction result: [2]
2025-03-28 16:53:55,171 - INFO - Decoded prediction label: ['DAP']
2025-03-28 16:53:55,171 - INFO - POST /predict-fertilizer - Prediction Result: DAP
2025-03-28 16:53:55,171 - INFO - 127.0.0.1 - - [28/Mar/2025 16:53:55] "POST /predict-fertilizer HTTP/1.1" 200 -
2025-03-28 16:54:51,912 - INFO - POST /predict-fertilizer - Raw JSON Data: {'crop': {'0': {}, '1': {}, '2': {}, '3': {}, '4': {}, '5': {}, '6': {}, '7': {}, '8': {}, '9': {}, '10': {}, '11': {}}, 'Crop_Growth_Stage': 'Vegetative', 'Rainfall': '22', 'Soil_Type': 'sandy', 'Temperature': '22', 'Pest_Disease': 'Yes', 'Region': 'Uttar Pradesh', 'Irrigation_Availability': 'Yes', 'Nitrogen': '222', 'Phosphorus': '22', 'Potassium': '221', 'Past_Yield': '2'}
2025-03-28 16:54:51,929 - INFO - POST /predict-fertilizer - Input DataFrame:
   Crop Soil Type  Nitrogen (N)  Phosphorus (P)  Potassium (K)  ... Temperature (°C)  Irrigation Availability  Past Yield (tons/ha) Pest/Disease         Region
0  None     sandy         222.0            22.0          221.0  ...             22.0                      Yes                   2.0          Yes  Uttar Pradesh

[1 rows x 12 columns]
2025-03-28 16:54:51,938 - INFO - Received input for prediction:
   Crop Soil Type  Nitrogen (N)  Phosphorus (P)  Potassium (K)  ... Temperature (°C)  Irrigation Availability  Past Yield (tons/ha) Pest/Disease         Region
0  None     sandy         222.0            22.0          221.0  ...             22.0                      Yes                   2.0          Yes  Uttar Pradesh

[1 rows x 12 columns]
2025-03-28 16:54:51,955 - INFO - One-hot encoded categorical features:
   Crop_barley  Crop_cotton  Crop_ground nuts  Crop_maize  Crop_millets  ...  Region_Punjab  Region_Rajasthan  Region_Tamil Nadu  Region_Uttar Pradesh  Region_West Bengal
0          0.0          0.0               0.0         0.0           0.0  ...            0.0               0.0                0.0                   1.0                 0.0

[1 rows x 35 columns]
2025-03-28 16:54:51,971 - INFO - Combined features before scaling:
   Crop_barley  Crop_cotton  Crop_ground nuts  Crop_maize  Crop_millets  ...  Phosphorus (P)  Potassium (K)  Rainfall (mm)  Temperature (°C)  Past Yield (tons/ha)
0          0.0          0.0               0.0         0.0           0.0  ...            22.0          221.0           22.0              22.0                   2.0

[1 rows x 41 columns]
2025-03-28 16:54:51,991 - INFO - Final input for prediction after scaling:
   Crop_barley  Crop_cotton  Crop_ground nuts  Crop_maize  Crop_millets  ...  Phosphorus (P)  Potassium (K)  Rainfall (mm)  Temperature (°C)  Past Yield (tons/ha)
0          0.0          0.0               0.0         0.0           0.0  ...            22.0          221.0           22.0              22.0                   2.0

[1 rows x 41 columns]
2025-03-28 16:54:51,995 - INFO - Encoded prediction result: [2]
2025-03-28 16:54:51,995 - INFO - Decoded prediction label: ['DAP']
2025-03-28 16:54:51,995 - INFO - POST /predict-fertilizer - Prediction Result: DAP
2025-03-28 16:54:51,995 - INFO - 127.0.0.1 - - [28/Mar/2025 16:54:51] "POST /predict-fertilizer HTTP/1.1" 200 -
2025-03-28 16:59:59,465 - INFO - POST /predict-fertilizer - Raw JSON Data: {'crop': {'0': {}, '1': {}, '2': {}, '3': {}, '4': {}, '5': {}, '6': {}, '7': {}, '8': {}, '9': {}, '10': {}, '11': {}}, 'Crop_Growth_Stage': 'Vegetative', 'Rainfall': '22', 'Soil_Type': 'sandy', 'Temperature': '22', 'Pest_Disease': 'Yes', 'Region': 'Uttar Pradesh', 'Irrigation_Availability': 'Yes', 'Nitrogen': '222', 'Phosphorus': '22', 'Potassium': '221', 'Past_Yield': '2'}
2025-03-28 16:59:59,472 - INFO - POST /predict-fertilizer - Input DataFrame:
   Crop Soil Type  Nitrogen (N)  Phosphorus (P)  Potassium (K)  ... Temperature (°C)  Irrigation Availability  Past Yield (tons/ha) Pest/Disease         Region
0  None     sandy         222.0            22.0          221.0  ...             22.0                      Yes                   2.0          Yes  Uttar Pradesh

[1 rows x 12 columns]
2025-03-28 16:59:59,476 - INFO - Received input for prediction:
   Crop Soil Type  Nitrogen (N)  Phosphorus (P)  Potassium (K)  ... Temperature (°C)  Irrigation Availability  Past Yield (tons/ha) Pest/Disease         Region
0  None     sandy         222.0            22.0          221.0  ...             22.0                      Yes                   2.0          Yes  Uttar Pradesh

[1 rows x 12 columns]
2025-03-28 16:59:59,486 - INFO - One-hot encoded categorical features:
   Crop_barley  Crop_cotton  Crop_ground nuts  Crop_maize  Crop_millets  ...  Region_Punjab  Region_Rajasthan  Region_Tamil Nadu  Region_Uttar Pradesh  Region_West Bengal
0          0.0          0.0               0.0         0.0           0.0  ...            0.0               0.0                0.0                   1.0                 0.0

[1 rows x 35 columns]
2025-03-28 16:59:59,498 - INFO - Combined features before scaling:
   Crop_barley  Crop_cotton  Crop_ground nuts  Crop_maize  Crop_millets  ...  Phosphorus (P)  Potassium (K)  Rainfall (mm)  Temperature (°C)  Past Yield (tons/ha)
0          0.0          0.0               0.0         0.0           0.0  ...            22.0          221.0           22.0              22.0                   2.0

[1 rows x 41 columns]
2025-03-28 16:59:59,509 - INFO - Final input for prediction after scaling:
   Crop_barley  Crop_cotton  Crop_ground nuts  Crop_maize  Crop_millets  ...  Phosphorus (P)  Potassium (K)  Rainfall (mm)  Temperature (°C)  Past Yield (tons/ha)
0          0.0          0.0               0.0         0.0           0.0  ...            22.0          221.0           22.0              22.0                   2.0

[1 rows x 41 columns]
2025-03-28 16:59:59,513 - INFO - Encoded prediction result: [2]
2025-03-28 16:59:59,513 - INFO - Decoded prediction label: ['DAP']
2025-03-28 16:59:59,513 - INFO - POST /predict-fertilizer - Prediction Result: DAP
2025-03-28 16:59:59,513 - INFO - 127.0.0.1 - - [28/Mar/2025 16:59:59] "POST /predict-fertilizer HTTP/1.1" 200 -
2025-03-28 17:00:01,695 - INFO - 127.0.0.1 - - [28/Mar/2025 17:00:01] "GET / HTTP/1.1" 200 -
2025-03-28 17:00:07,567 - INFO - [31m[1mWARNING: This is a development server. Do not use it in a production deployment. Use a production WSGI server instead.[0m
 * Running on http://127.0.0.1:5000
2025-03-28 17:00:07,567 - INFO - [33mPress CTRL+C to quit[0m
2025-03-28 17:00:07,567 - INFO -  * Restarting with stat
2025-03-28 17:00:08,562 - WARNING -  * Debugger is active!
2025-03-28 17:00:08,565 - INFO -  * Debugger PIN: 865-574-314
2025-03-28 17:00:14,969 - INFO - 127.0.0.1 - - [28/Mar/2025 17:00:14] "GET / HTTP/1.1" 200 -
2025-03-28 17:00:29,000 - INFO - POST /predict-fertilizer - Raw JSON Data: {'crop': {'0': {}, '1': {}, '2': {}, '3': {}, '4': {}, '5': {}, '6': {}, '7': {}, '8': {}, '9': {}, '10': {}, '11': {}}, 'Crop_Growth_Stage': 'Maturity', 'Rainfall': '222', 'Soil_Type': 'sandy', 'Temperature': '22', 'Pest_Disease': 'Yes', 'Region': 'Uttar Pradesh', 'Irrigation_Availability': 'Yes', 'Nitrogen': '222', 'Phosphorus': '22', 'Potassium': '222', 'Past_Yield': '2'}
2025-03-28 17:00:29,021 - INFO - POST /predict-fertilizer - Input DataFrame:
   Crop Soil Type  Nitrogen (N)  Phosphorus (P)  Potassium (K)  ... Temperature (°C)  Irrigation Availability  Past Yield (tons/ha) Pest/Disease         Region
0  None     sandy         222.0            22.0          222.0  ...             22.0                      Yes                   2.0          Yes  Uttar Pradesh

[1 rows x 12 columns]
2025-03-28 17:00:29,031 - INFO - Received input for prediction:
   Crop Soil Type  Nitrogen (N)  Phosphorus (P)  Potassium (K)  ... Temperature (°C)  Irrigation Availability  Past Yield (tons/ha) Pest/Disease         Region
0  None     sandy         222.0            22.0          222.0  ...             22.0                      Yes                   2.0          Yes  Uttar Pradesh

[1 rows x 12 columns]
2025-03-28 17:00:29,050 - INFO - One-hot encoded categorical features:
   Crop_barley  Crop_cotton  Crop_ground nuts  Crop_maize  Crop_millets  ...  Region_Punjab  Region_Rajasthan  Region_Tamil Nadu  Region_Uttar Pradesh  Region_West Bengal
0          0.0          0.0               0.0         0.0           0.0  ...            0.0               0.0                0.0                   1.0                 0.0

[1 rows x 35 columns]
2025-03-28 17:00:29,065 - INFO - Combined features before scaling:
   Crop_barley  Crop_cotton  Crop_ground nuts  Crop_maize  Crop_millets  ...  Phosphorus (P)  Potassium (K)  Rainfall (mm)  Temperature (°C)  Past Yield (tons/ha)
0          0.0          0.0               0.0         0.0           0.0  ...            22.0          222.0          222.0              22.0                   2.0

[1 rows x 41 columns]
2025-03-28 17:00:29,080 - INFO - Final input for prediction after scaling:
   Crop_barley  Crop_cotton  Crop_ground nuts  Crop_maize  Crop_millets  ...  Phosphorus (P)  Potassium (K)  Rainfall (mm)  Temperature (°C)  Past Yield (tons/ha)
0          0.0          0.0               0.0         0.0           0.0  ...            22.0          222.0          222.0              22.0                   2.0

[1 rows x 41 columns]
2025-03-28 17:00:29,084 - INFO - Encoded prediction result: [6]
2025-03-28 17:00:29,084 - INFO - Decoded prediction label: ['Urea']
2025-03-28 17:00:29,084 - INFO - POST /predict-fertilizer - Prediction Result: Urea
2025-03-28 17:00:29,084 - INFO - 127.0.0.1 - - [28/Mar/2025 17:00:29] "POST /predict-fertilizer HTTP/1.1" 200 -
2025-03-28 17:02:06,546 - INFO - [31m[1mWARNING: This is a development server. Do not use it in a production deployment. Use a production WSGI server instead.[0m
 * Running on http://127.0.0.1:5000
2025-03-28 17:02:06,547 - INFO - [33mPress CTRL+C to quit[0m
2025-03-28 17:02:06,548 - INFO -  * Restarting with stat
2025-03-28 17:02:07,668 - WARNING -  * Debugger is active!
2025-03-28 17:02:07,669 - INFO -  * Debugger PIN: 865-574-314
2025-03-28 17:02:09,360 - INFO - 127.0.0.1 - - [28/Mar/2025 17:02:09] "GET / HTTP/1.1" 200 -
2025-03-28 17:02:26,319 - INFO - POST /predict-fertilizer - Raw JSON Data: {'crop': {'0': {}, '1': {}, '2': {}, '3': {}, '4': {}, '5': {}, '6': {}, '7': {}, '8': {}, '9': {}, '10': {}, '11': {}}, 'Crop_Growth_Stage': 'Maturity', 'Rainfall': '222', 'Soil_Type': 'black', 'Temperature': '22', 'Pest_Disease': 'Yes', 'Region': 'Tamil Nadu', 'Irrigation_Availability': 'Yes', 'Nitrogen': '22', 'Phosphorus': '22', 'Potassium': '22', 'Past_Yield': '22'}
2025-03-28 17:02:26,340 - INFO - POST /predict-fertilizer - Input DataFrame:
   Crop Soil Type  Nitrogen (N)  Phosphorus (P)  Potassium (K)  ... Temperature (°C)  Irrigation Availability  Past Yield (tons/ha) Pest/Disease      Region
0  None     black          22.0            22.0           22.0  ...             22.0                      Yes                  22.0          Yes  Tamil Nadu

[1 rows x 12 columns]
2025-03-28 17:02:26,349 - INFO - Received input for prediction:
   Crop Soil Type  Nitrogen (N)  Phosphorus (P)  Potassium (K)  ... Temperature (°C)  Irrigation Availability  Past Yield (tons/ha) Pest/Disease      Region
0  None     black          22.0            22.0           22.0  ...             22.0                      Yes                  22.0          Yes  Tamil Nadu

[1 rows x 12 columns]
2025-03-28 17:02:26,366 - INFO - One-hot encoded categorical features:
   Crop_barley  Crop_cotton  Crop_ground nuts  Crop_maize  Crop_millets  ...  Region_Punjab  Region_Rajasthan  Region_Tamil Nadu  Region_Uttar Pradesh  Region_West Bengal
0          0.0          0.0               0.0         0.0           0.0  ...            0.0               0.0                1.0                   0.0                 0.0

[1 rows x 35 columns]
2025-03-28 17:02:26,379 - INFO - Combined features before scaling:
   Crop_barley  Crop_cotton  Crop_ground nuts  Crop_maize  Crop_millets  ...  Phosphorus (P)  Potassium (K)  Rainfall (mm)  Temperature (°C)  Past Yield (tons/ha)
0          0.0          0.0               0.0         0.0           0.0  ...            22.0           22.0          222.0              22.0                  22.0

[1 rows x 41 columns]
2025-03-28 17:02:26,394 - INFO - Final input for prediction after scaling:
   Crop_barley  Crop_cotton  Crop_ground nuts  Crop_maize  Crop_millets  ...  Phosphorus (P)  Potassium (K)  Rainfall (mm)  Temperature (°C)  Past Yield (tons/ha)
0          0.0          0.0               0.0         0.0           0.0  ...            22.0           22.0          222.0              22.0                  22.0

[1 rows x 41 columns]
2025-03-28 17:02:26,398 - INFO - Encoded prediction result: [1]
2025-03-28 17:02:26,398 - INFO - Decoded prediction label: ['Compost']
2025-03-28 17:02:26,398 - INFO - POST /predict-fertilizer - Prediction Result: Compost
2025-03-28 17:02:26,398 - INFO - 127.0.0.1 - - [28/Mar/2025 17:02:26] "POST /predict-fertilizer HTTP/1.1" 200 -
